2024-12-30 15:52:43,470 - __main__ - INFO - Dataset page successfully opened
2024-12-30 15:52:47,496 - __main__ - INFO - Call to get_dataframe api method
2024-12-30 15:52:49,219 - __main__ - INFO - DataFrame successfully received
2024-12-30 15:52:49,219 - __main__ - INFO - Dataset page successfully opened
2024-12-30 15:52:54,492 - __main__ - INFO - Dataset page successfully opened
2024-12-30 15:53:12,863 - __main__ - INFO - Call to get_dataframe api method
2024-12-30 15:53:14,570 - __main__ - INFO - DataFrame successfully received
2024-12-30 15:53:14,570 - __main__ - INFO - Dataset page successfully opened
2024-12-30 15:54:00,410 - __main__ - INFO - Dataset page successfully opened
2024-12-30 15:54:06,395 - __main__ - INFO - Call to get_dataframe api method
2024-12-30 15:54:08,028 - __main__ - INFO - DataFrame successfully received
2024-12-30 15:54:08,028 - __main__ - INFO - Dataset page successfully opened
2024-12-30 15:54:11,125 - __main__ - INFO - EDA page successfully opened
2024-12-30 15:54:11,126 - __main__ - INFO - Datasset isn't empty on server
2024-12-30 16:10:07,097 - __main__ - INFO - Dataset page successfully opened
2024-12-30 16:35:10,102 - __main__ - INFO - EDA page successfully opened
2024-12-30 16:35:10,104 - __main__ - INFO - Datasset isn't empty on server
2024-12-30 16:35:14,186 - __main__ - INFO - Dataset page successfully opened
2024-12-30 16:35:15,711 - __main__ - INFO - EDA page successfully opened
2024-12-30 16:35:15,712 - __main__ - INFO - Datasset isn't empty on server
2024-12-30 16:35:18,460 - __main__ - INFO - EDA page successfully opened
2024-12-30 16:35:18,462 - __main__ - INFO - Datasset isn't empty on server
2024-12-30 16:35:19,035 - __main__ - INFO - Dataset page successfully opened
2024-12-30 17:14:44,103 - __main__ - INFO - Dataset page successfully opened
2024-12-30 17:16:03,452 - __main__ - INFO - EDA page successfully opened
2024-12-30 17:16:03,472 - __main__ - INFO - Datasset isn't empty on server
2024-12-30 17:18:49,598 - __main__ - INFO - Dataset page successfully opened
2024-12-30 17:37:42,146 - __main__ - INFO - Call to get_dataframe api method
2024-12-30 17:37:42,286 - __main__ - ERROR - An error was received when receiving the dataframe: 400
2024-12-30 17:37:42,289 - __main__ - INFO - Dataset page successfully opened
2024-12-30 17:44:53,871 - __main__ - INFO - Call to get_dataframe api method
2024-12-30 17:44:53,968 - __main__ - ERROR - An error was received when receiving the dataframe: 400
2024-12-30 17:44:53,996 - __main__ - INFO - Dataset page successfully opened
2024-12-30 17:45:00,236 - __main__ - INFO - Call to get_dataframe api method
2024-12-30 17:45:00,240 - __main__ - ERROR - An error was received when receiving the dataframe: 400
2024-12-30 17:45:00,240 - __main__ - INFO - Dataset page successfully opened
2024-12-30 17:45:11,334 - __main__ - INFO - EDA page successfully opened
2024-12-30 17:45:11,335 - __main__ - INFO - Datasset is empty on server
2024-12-30 17:45:14,940 - __main__ - INFO - EDA page successfully opened
2024-12-30 17:45:14,942 - __main__ - INFO - Datasset is empty on server
2024-12-30 17:45:16,500 - __main__ - INFO - Call send_csv_to_backend function
2024-12-30 17:45:16,778 - __main__ - INFO - Call to upload_dataframe
2024-12-30 17:45:17,167 - __main__ - INFO - Dataframe successfully uploaded
2024-12-30 17:45:23,852 - __main__ - INFO - Call to get_dataframe api method
2024-12-30 17:45:25,825 - __main__ - INFO - DataFrame successfully received
2024-12-30 17:45:25,825 - __main__ - INFO - EDA page successfully opened
2024-12-30 17:45:25,825 - __main__ - INFO - Datasset isn't empty on server
2024-12-30 17:47:07,173 - __main__ - INFO - Dataset page successfully opened
2024-12-30 17:47:10,345 - __main__ - INFO - EDA page successfully opened
2024-12-30 17:47:10,347 - __main__ - INFO - Datasset isn't empty on server
2024-12-30 17:47:12,482 - __main__ - INFO - Dataset page successfully opened
2024-12-30 17:47:33,116 - __main__ - INFO - Dataset page successfully opened
2024-12-30 17:49:47,883 - __main__ - INFO - Dataset page successfully opened
2024-12-30 17:49:49,648 - __main__ - INFO - Call to get_dataframe api method
2024-12-30 17:50:25,646 - __main__ - INFO - Call to get_dataframe api method
2024-12-30 17:50:26,604 - __main__ - INFO - Call to get_dataframe api method
2024-12-30 17:50:29,543 - __main__ - INFO - Call to get_dataframe api method
2024-12-30 17:50:30,446 - __main__ - INFO - Call to get_dataframe api method
2024-12-30 17:50:32,879 - __main__ - INFO - Call to get_dataframe api method
2024-12-30 17:50:33,662 - __main__ - INFO - Call to get_dataframe api method
2024-12-30 17:50:34,784 - __main__ - INFO - Call to get_dataframe api method
2024-12-30 17:50:35,746 - __main__ - INFO - Call to get_dataframe api method
2024-12-30 17:50:39,580 - __main__ - INFO - DataFrame successfully received
2024-12-30 17:50:39,623 - __main__ - INFO - EDA page successfully opened
2024-12-30 17:50:39,624 - __main__ - INFO - Datasset isn't empty on server
2024-12-30 18:01:42,962 - utils - INFO - Call to get_dataframe api method
2024-12-30 18:01:44,791 - utils - INFO - DataFrame successfully received
2024-12-30 18:01:44,795 - __main__ - INFO - Dataset page successfully opened
2024-12-30 18:01:48,844 - __main__ - INFO - EDA page successfully opened
2024-12-30 18:01:48,844 - __main__ - INFO - Datasset isn't empty on server
2025-01-02 15:15:48,360 - __main__ - INFO - EDA page successfully opened
2025-01-02 15:15:48,373 - __main__ - INFO - Datasset isn't empty on server
2025-01-02 16:05:22,503 - __main__ - INFO - EDA page successfully opened
2025-01-02 16:05:22,509 - __main__ - INFO - Datasset isn't empty on server
2025-01-02 16:05:25,688 - __main__ - INFO - EDA page successfully opened
2025-01-02 16:05:25,690 - __main__ - INFO - Datasset isn't empty on server
2025-01-02 16:05:27,076 - __main__ - INFO - EDA page successfully opened
2025-01-02 16:05:27,077 - __main__ - INFO - Datasset isn't empty on server
2025-01-02 16:05:28,977 - __main__ - INFO - EDA page successfully opened
2025-01-02 16:05:28,978 - __main__ - INFO - Datasset isn't empty on server
2025-01-02 16:05:36,933 - __main__ - INFO - EDA page successfully opened
2025-01-02 16:05:36,933 - __main__ - INFO - Datasset isn't empty on server
2025-01-02 16:05:39,028 - __main__ - INFO - EDA page successfully opened
2025-01-02 16:05:39,029 - __main__ - INFO - Datasset isn't empty on server
2025-01-02 16:05:44,746 - utils - INFO - Call to get_dataframe api method
2025-01-02 16:05:47,064 - utils - INFO - DataFrame successfully received
2025-01-02 16:05:47,070 - __main__ - INFO - EDA page successfully opened
2025-01-02 16:05:47,071 - __main__ - INFO - Datasset isn't empty on server
2025-01-02 16:07:02,873 - __main__ - INFO - EDA page successfully opened
2025-01-02 16:07:02,876 - __main__ - INFO - Datasset isn't empty on server
2025-01-02 16:07:05,315 - __main__ - INFO - EDA page successfully opened
2025-01-02 16:07:05,316 - __main__ - INFO - Datasset isn't empty on server
2025-01-02 16:07:19,079 - __main__ - INFO - EDA page successfully opened
2025-01-02 16:07:19,080 - __main__ - INFO - Datasset isn't empty on server
2025-01-02 16:07:27,298 - __main__ - INFO - EDA page successfully opened
2025-01-02 16:07:27,299 - __main__ - INFO - Datasset isn't empty on server
2025-01-02 16:07:28,104 - __main__ - INFO - EDA page successfully opened
2025-01-02 16:07:28,105 - __main__ - INFO - Datasset isn't empty on server
2025-01-02 16:07:30,963 - __main__ - INFO - EDA page successfully opened
2025-01-02 16:07:30,964 - __main__ - INFO - Datasset isn't empty on server
2025-01-02 16:08:13,135 - utils - INFO - Call to get_dataframe api method
2025-01-02 16:08:14,936 - utils - INFO - DataFrame successfully received
2025-01-02 16:08:14,939 - __main__ - INFO - EDA page successfully opened
2025-01-02 16:08:14,940 - __main__ - INFO - Datasset isn't empty on server
2025-01-02 16:08:44,907 - __main__ - INFO - EDA page successfully opened
2025-01-02 16:08:44,908 - __main__ - INFO - Datasset isn't empty on server
2025-01-02 16:08:56,984 - __main__ - INFO - EDA page successfully opened
2025-01-02 16:08:56,985 - __main__ - INFO - Datasset isn't empty on server
2025-01-02 16:09:12,725 - __main__ - INFO - EDA page successfully opened
2025-01-02 16:09:12,726 - __main__ - INFO - Datasset isn't empty on server
2025-01-02 16:09:21,779 - __main__ - INFO - EDA page successfully opened
2025-01-02 16:09:21,780 - __main__ - INFO - Datasset isn't empty on server
2025-01-02 16:09:34,070 - __main__ - INFO - EDA page successfully opened
2025-01-02 16:09:34,133 - __main__ - INFO - Datasset isn't empty on server
2025-01-02 16:09:45,056 - __main__ - INFO - EDA page successfully opened
2025-01-02 16:09:45,057 - __main__ - INFO - Datasset isn't empty on server
2025-01-02 16:09:54,891 - __main__ - INFO - EDA page successfully opened
2025-01-02 16:09:54,892 - __main__ - INFO - Datasset isn't empty on server
2025-01-02 16:10:04,685 - __main__ - INFO - EDA page successfully opened
2025-01-02 16:10:04,685 - __main__ - INFO - Datasset isn't empty on server
2025-01-02 16:10:14,147 - __main__ - INFO - EDA page successfully opened
2025-01-02 16:10:14,149 - __main__ - INFO - Datasset isn't empty on server
2025-01-02 16:10:23,405 - __main__ - INFO - EDA page successfully opened
2025-01-02 16:10:23,567 - __main__ - INFO - Datasset isn't empty on server
2025-01-02 16:10:33,415 - __main__ - INFO - EDA page successfully opened
2025-01-02 16:10:33,416 - __main__ - INFO - Datasset isn't empty on server
2025-01-02 16:10:43,956 - __main__ - INFO - EDA page successfully opened
2025-01-02 16:10:43,957 - __main__ - INFO - Datasset isn't empty on server
2025-01-02 16:10:55,822 - __main__ - INFO - EDA page successfully opened
2025-01-02 16:10:55,823 - __main__ - INFO - Datasset isn't empty on server
2025-01-02 16:13:07,486 - __main__ - INFO - EDA page successfully opened
2025-01-02 16:13:07,491 - __main__ - INFO - Datasset isn't empty on server
2025-01-02 16:13:20,141 - __main__ - INFO - EDA page successfully opened
2025-01-02 16:13:20,142 - __main__ - INFO - Datasset isn't empty on server
2025-01-02 16:13:30,723 - __main__ - INFO - EDA page successfully opened
2025-01-02 16:13:30,724 - __main__ - INFO - Datasset isn't empty on server
2025-01-02 16:13:32,770 - __main__ - INFO - EDA page successfully opened
2025-01-02 16:13:32,771 - __main__ - INFO - Datasset isn't empty on server
2025-01-02 16:13:33,142 - __main__ - INFO - EDA page successfully opened
2025-01-02 16:13:33,142 - __main__ - INFO - Datasset isn't empty on server
2025-01-02 16:13:33,507 - __main__ - INFO - EDA page successfully opened
2025-01-02 16:13:33,507 - __main__ - INFO - Datasset isn't empty on server
2025-01-02 16:13:44,282 - __main__ - INFO - EDA page successfully opened
2025-01-02 16:13:44,283 - __main__ - INFO - Datasset isn't empty on server
2025-01-02 16:13:44,695 - __main__ - INFO - EDA page successfully opened
2025-01-02 16:13:44,696 - __main__ - INFO - Datasset isn't empty on server
2025-01-02 16:13:45,006 - __main__ - INFO - EDA page successfully opened
2025-01-02 16:13:45,007 - __main__ - INFO - Datasset isn't empty on server
2025-01-02 16:35:28,004 - utils - INFO - Call to get_dataframe api method
2025-01-02 16:35:30,466 - utils - INFO - DataFrame successfully received
2025-01-02 16:35:30,471 - __main__ - INFO - Dataset page successfully opened
2025-01-02 16:35:33,412 - __main__ - INFO - Dataset page successfully opened
2025-01-02 16:35:33,992 - utils - INFO - Call send_csv_to_backend function
2025-01-02 16:35:34,074 - utils - INFO - Call to upload_dataframe
2025-01-02 16:35:34,307 - utils - INFO - Dataframe successfully uploaded
2025-01-02 16:35:40,166 - __main__ - INFO - EDA page successfully opened
2025-01-02 16:35:40,167 - __main__ - INFO - Datasset isn't empty on server
2025-01-02 21:15:48,689 - __main__ - INFO - Dataset page successfully opened
2025-01-02 21:16:03,655 - utils - INFO - Call to get_dataframe api method
2025-01-02 21:16:03,696 - utils - ERROR - An error was received when receiving the dataframe: 400
2025-01-02 21:16:44,763 - utils - INFO - Call to get_dataframe api method
2025-01-02 21:16:44,779 - utils - ERROR - An error was received when receiving the dataframe: 400
2025-01-02 21:16:44,791 - __main__ - INFO - Dataset page successfully opened
2025-01-02 21:16:47,596 - utils - INFO - Call to get_dataframe api method
2025-01-02 21:16:47,602 - utils - ERROR - An error was received when receiving the dataframe: 400
2025-01-02 21:16:47,603 - __main__ - INFO - Dataset page successfully opened
2025-01-02 21:17:26,022 - __main__ - INFO - Dataset page successfully opened
2025-01-02 21:17:26,927 - utils - INFO - Call send_csv_to_backend function
2025-01-02 21:17:27,028 - utils - INFO - Call to upload_dataframe
2025-01-02 21:17:27,187 - utils - INFO - Dataframe successfully uploaded
2025-01-02 21:17:42,932 - __main__ - INFO - Dataset page successfully opened
2025-01-02 21:17:42,934 - __main__ - INFO - Try to upload file success
2025-01-02 21:17:46,560 - __main__ - INFO - Dataset page successfully opened
2025-01-02 21:17:46,562 - __main__ - INFO - Try to upload file success
2025-01-02 21:17:46,566 - utils - INFO - Call send_csv_to_backend function
2025-01-02 21:17:46,566 - utils - INFO - Call to upload_dataframe
2025-01-02 21:17:46,623 - utils - INFO - Dataframe successfully uploaded
2025-01-02 21:47:31,042 - utils - INFO - Call to get_dataframe api method
2025-01-02 21:47:31,085 - utils - ERROR - An error was received when receiving the dataframe: 400
2025-01-02 21:47:31,087 - pages.Dataset - INFO - Dataset page successfully opened
2025-01-02 21:47:36,340 - __main__ - INFO - Dataset page successfully opened
2025-01-02 21:47:40,112 - __main__ - INFO - EDA page successfully opened
2025-01-02 21:47:40,113 - __main__ - INFO - Datasset is empty on server
2025-01-02 21:47:41,784 - __main__ - INFO - EDA page successfully opened
2025-01-02 21:47:41,785 - __main__ - INFO - Datasset is empty on server
2025-01-02 21:47:42,342 - utils - INFO - Call send_csv_to_backend function
2025-01-02 21:47:42,417 - utils - INFO - Call to upload_dataframe
2025-01-02 21:47:43,230 - utils - INFO - Dataframe successfully uploaded
2025-01-02 21:50:50,226 - utils - INFO - Call to get_dataframe api method
2025-01-02 21:50:50,239 - utils - ERROR - An error was received when connecting to API: HTTPConnectionPool(host='127.0.0.1', port=8000): Max retries exceeded with url: /get_dataframe (Caused by NewConnectionError('<urllib3.connection.HTTPConnection object at 0x10720b940>: Failed to establish a new connection: [Errno 61] Connection refused'))
2025-01-02 21:50:50,321 - __main__ - INFO - EDA page successfully opened
2025-01-02 21:50:50,341 - __main__ - INFO - Datasset is empty on server
2025-01-02 21:59:27,435 - utils - INFO - Call to get_dataframe api method
2025-01-02 21:59:27,510 - utils - ERROR - An error was received when receiving the dataframe: 400
2025-01-02 21:59:27,522 - __main__ - INFO - EDA page successfully opened
2025-01-02 21:59:27,523 - __main__ - INFO - Datasset is empty on server
2025-01-02 19:15:57,246 - matplotlib.font_manager - INFO - generated new fontManager
2025-01-02 19:15:57,385 - utils - INFO - Call to get_dataframe api method
2025-01-02 19:15:57,387 - utils - ERROR - An error was received when connecting to API: HTTPConnectionPool(host='127.0.0.1', port=8000): Max retries exceeded with url: /get_dataframe (Caused by NewConnectionError('<urllib3.connection.HTTPConnection object at 0xffff735d9c60>: Failed to establish a new connection: [Errno 111] Connection refused'))
2025-01-02 19:15:57,395 - __main__ - INFO - Dataset page successfully opened
2025-01-02 19:22:41,038 - matplotlib.font_manager - INFO - generated new fontManager
2025-01-02 19:22:41,163 - utils - INFO - Call to get_dataframe api method
2025-01-02 19:22:41,174 - utils - ERROR - An error was received when receiving the dataframe: 400
2025-01-02 19:22:41,176 - pages.Dataset - INFO - Dataset page successfully opened
2025-01-02 19:22:42,335 - __main__ - INFO - Dataset page successfully opened
2025-01-02 19:22:44,270 - __main__ - INFO - Dataset page successfully opened
2025-01-02 19:22:45,110 - utils - INFO - Call send_csv_to_backend function
2025-01-02 19:22:45,229 - utils - INFO - Call to upload_dataframe
2025-01-02 19:22:45,428 - utils - INFO - Dataframe successfully uploaded
2025-01-02 19:22:49,544 - __main__ - INFO - EDA page successfully opened
2025-01-02 19:22:49,545 - __main__ - INFO - Datasset isn't empty on server
2025-01-02 19:22:52,850 - __main__ - INFO - Dataset page successfully opened
2025-01-02 19:22:59,357 - __main__ - INFO - Dataset page successfully opened
2025-01-02 19:22:59,393 - __main__ - INFO - Try to upload file success
2025-01-02 19:23:02,800 - __main__ - INFO - Dataset page successfully opened
2025-01-02 19:23:02,814 - __main__ - INFO - Try to upload file success
2025-01-02 19:23:02,849 - utils - INFO - Call send_csv_to_backend function
2025-01-02 19:23:02,851 - utils - INFO - Call to upload_dataframe
2025-01-02 19:23:03,132 - utils - INFO - Dataframe successfully uploaded
2025-01-02 19:23:05,218 - __main__ - INFO - EDA page successfully opened
2025-01-02 19:23:05,219 - __main__ - INFO - Datasset isn't empty on server
2025-01-02 19:24:41,984 - utils - INFO - Call to get_dataframe api method
2025-01-02 19:24:42,148 - utils - INFO - DataFrame successfully received
2025-01-02 19:24:42,149 - __main__ - INFO - EDA page successfully opened
2025-01-02 19:24:42,150 - __main__ - INFO - Datasset isn't empty on server
2025-01-02 19:25:02,856 - __main__ - INFO - EDA page successfully opened
2025-01-02 19:25:02,865 - __main__ - INFO - Datasset isn't empty on server
2025-01-02 19:25:04,383 - __main__ - INFO - EDA page successfully opened
2025-01-02 19:25:04,385 - __main__ - INFO - Datasset isn't empty on server
2025-01-02 19:26:28,989 - utils - INFO - Call to get_dataframe api method
2025-01-02 19:26:29,013 - utils - INFO - DataFrame successfully received
2025-01-02 19:26:29,014 - __main__ - INFO - EDA page successfully opened
2025-01-02 19:26:29,016 - __main__ - INFO - Datasset isn't empty on server
2025-01-02 19:26:51,905 - utils - INFO - Call to get_dataframe api method
2025-01-02 19:26:51,969 - utils - INFO - DataFrame successfully received
2025-01-02 19:26:51,970 - __main__ - INFO - EDA page successfully opened
2025-01-02 19:26:51,971 - __main__ - INFO - Datasset isn't empty on server
2025-01-02 19:28:04,146 - utils - INFO - Call to get_dataframe api method
2025-01-02 19:28:04,194 - utils - INFO - DataFrame successfully received
2025-01-02 19:28:04,195 - __main__ - INFO - EDA page successfully opened
2025-01-02 19:28:04,196 - __main__ - INFO - Datasset isn't empty on server
2025-01-02 19:28:27,713 - utils - INFO - Call to get_dataframe api method
2025-01-02 19:28:27,738 - utils - INFO - DataFrame successfully received
2025-01-02 19:28:27,739 - __main__ - INFO - EDA page successfully opened
2025-01-02 19:28:27,740 - __main__ - INFO - Datasset isn't empty on server
2025-01-02 19:28:46,134 - __main__ - INFO - Dataset page successfully opened
2025-01-02 19:28:49,228 - __main__ - INFO - Dataset page successfully opened
2025-01-02 19:28:50,219 - utils - INFO - Call send_csv_to_backend function
2025-01-02 19:28:50,377 - utils - INFO - Call to upload_dataframe
2025-01-02 19:28:50,782 - utils - INFO - Dataframe successfully uploaded
2025-01-02 19:28:51,647 - __main__ - INFO - Dataset page successfully opened
2025-01-02 19:28:52,509 - utils - INFO - Call send_csv_to_backend function
2025-01-02 19:28:52,784 - utils - INFO - Call to upload_dataframe
2025-01-02 19:28:53,011 - utils - INFO - Dataframe successfully uploaded
2025-01-02 19:29:07,391 - __main__ - INFO - Dataset page successfully opened
2025-01-02 19:29:07,392 - __main__ - INFO - Try to upload file success
2025-01-02 19:29:13,438 - __main__ - INFO - Dataset page successfully opened
2025-01-02 19:29:14,229 - utils - INFO - Call send_csv_to_backend function
2025-01-02 19:29:14,322 - utils - INFO - Call to upload_dataframe
2025-01-02 19:29:14,537 - utils - INFO - Dataframe successfully uploaded
2025-01-02 19:29:14,542 - __main__ - INFO - Try to upload file success
2025-01-02 19:29:39,714 - __main__ - INFO - Dataset page successfully opened
2025-01-02 19:29:40,490 - utils - INFO - Call send_csv_to_backend function
2025-01-02 19:29:40,598 - utils - INFO - Call to upload_dataframe
2025-01-02 19:29:40,949 - utils - INFO - Dataframe successfully uploaded
2025-01-02 19:29:40,962 - __main__ - INFO - Try to upload file success
2025-01-02 19:29:41,833 - __main__ - INFO - EDA page successfully opened
2025-01-02 19:29:41,834 - __main__ - INFO - Datasset isn't empty on server
2025-01-02 19:29:48,436 - __main__ - INFO - Dataset page successfully opened
2025-01-02 19:30:02,014 - __main__ - INFO - Dataset page successfully opened
2025-01-02 19:30:02,019 - __main__ - INFO - Try to upload file success
2025-01-02 19:30:05,752 - __main__ - INFO - EDA page successfully opened
2025-01-02 19:30:05,754 - __main__ - INFO - Datasset isn't empty on server
2025-01-02 19:30:22,320 - __main__ - INFO - Dataset page successfully opened
2025-01-02 19:30:30,024 - __main__ - INFO - Dataset page successfully opened
2025-01-02 19:30:35,809 - __main__ - INFO - EDA page successfully opened
2025-01-02 19:30:35,812 - __main__ - INFO - Datasset isn't empty on server
2025-01-02 22:30:44,267 - utils - INFO - Call to get_dataframe api method
2025-01-02 22:30:45,973 - utils - INFO - DataFrame successfully received
2025-01-02 22:30:45,978 - __main__ - INFO - Dataset page successfully opened
2025-01-02 22:30:52,691 - __main__ - INFO - Dataset page successfully opened
2025-01-02 22:30:53,364 - utils - INFO - Call send_csv_to_backend function
2025-01-02 22:30:53,457 - utils - INFO - Call to upload_dataframe
2025-01-02 22:30:54,113 - utils - INFO - Dataframe successfully uploaded
2025-01-02 22:30:59,520 - __main__ - INFO - Dataset page successfully opened
2025-01-02 22:30:59,522 - __main__ - INFO - Try to upload file success
2025-01-02 22:31:01,591 - __main__ - INFO - Dataset page successfully opened
2025-01-02 22:31:01,592 - __main__ - INFO - Try to upload file success
2025-01-02 22:31:01,594 - utils - INFO - Call send_csv_to_backend function
2025-01-02 22:31:01,594 - utils - INFO - Call to upload_dataframe
2025-01-02 22:31:01,734 - utils - INFO - Dataframe successfully uploaded
2025-01-02 22:31:04,474 - __main__ - INFO - Dataset page successfully opened
2025-01-02 22:31:04,475 - __main__ - INFO - Try to upload file success
2025-01-02 22:31:04,855 - __main__ - INFO - EDA page successfully opened
2025-01-02 22:31:04,856 - __main__ - INFO - Datasset isn't empty on server
2025-01-02 22:31:20,974 - __main__ - INFO - Dataset page successfully opened
2025-01-02 22:31:23,543 - __main__ - INFO - Dataset page successfully opened
2025-01-02 22:31:25,849 - __main__ - INFO - Dataset page successfully opened
2025-01-02 22:31:28,105 - __main__ - INFO - EDA page successfully opened
2025-01-02 22:31:28,107 - __main__ - INFO - Datasset isn't empty on server
2025-01-02 22:31:32,622 - __main__ - INFO - EDA page successfully opened
2025-01-02 22:31:32,622 - __main__ - INFO - Datasset isn't empty on server
2025-01-02 22:31:43,082 - __main__ - INFO - Dataset page successfully opened
2025-01-02 22:33:03,091 - utils - INFO - Call to get_dataframe api method
2025-01-02 22:33:03,098 - utils - ERROR - An error was received when receiving the dataframe: 400
2025-01-02 22:33:03,100 - __main__ - INFO - Dataset page successfully opened
2025-01-02 22:33:07,204 - __main__ - INFO - Dataset page successfully opened
2025-01-02 22:33:08,264 - __main__ - INFO - Dataset page successfully opened
2025-01-02 22:33:08,840 - utils - INFO - Call send_csv_to_backend function
2025-01-02 22:33:08,932 - utils - INFO - Call to upload_dataframe
2025-01-02 22:33:09,063 - utils - INFO - Dataframe successfully uploaded
2025-01-02 22:33:10,973 - __main__ - INFO - EDA page successfully opened
2025-01-02 22:33:10,974 - __main__ - INFO - Datasset isn't empty on server
